2017-11-13 17:55:14 INFO  dx8_Mmu.c:161: Mmu Chip Ptr=000000003D1DEED0 Size=1024
2017-11-13 17:55:14 INFO  dx8_Mmu.c:162: Mmu Program Ptr=000000003D217FD0 Size=16384
2017-11-13 17:55:14 INFO  dx8_Mmu.c:163: Mmu Shared Ptr=0000000013786CA0 Size=65535
2017-11-13 17:55:14 INFO  dx8_Mmu.c:164: Mmu Io Ptr=00000000137303D0 Size=4096
2017-11-13 17:55:14 INFO  dx8_Cpu.c:79: Cpu Reset. Soft = 1
2017-11-13 17:55:14 INFO  dx8_Cpu.c:74: Cpu[CPU] Pc=$   0 Int=$ 0 A=$ 0 X=$ 0 Y=$ 0 Z=$ 0 W=$ 0 Op=$ 0 Lo=$ 0 Hi=$ 0
2017-11-13 17:55:14 INFO  dx8_Cpu.c:74: Cpu[INT] Pc=$   0 Int=$ 0 A=$ 0 X=$ 0 Y=$ 0 Z=$ 0 W=$ 0 Op=$ 0 Lo=$ 0 Hi=$ 0
2017-11-13 17:55:14 INFO  dx8_Cpu.c:92: Entry point $   0
2017-11-13 17:55:14 INFO  dx8_Cpu.c:79: Cpu Reset. Soft = 0
2017-11-13 17:55:14 INFO  dx8_Mmu.c:180: Mmu Reset
2017-11-13 17:55:14 INFO  dx8_Cpu.c:74: Cpu[CPU] Pc=$   0 Int=$ 0 A=$ 0 X=$ 0 Y=$ 0 Z=$ 0 W=$ 0 Op=$ 0 Lo=$ 0 Hi=$ 0
2017-11-13 17:55:14 INFO  dx8_Cpu.c:74: Cpu[INT] Pc=$   0 Int=$ 0 A=$ 0 X=$ 0 Y=$ 0 Z=$ 0 W=$ 0 Op=$ 0 Lo=$ 0 Hi=$ 0
2017-11-13 17:55:14 INFO  dx8_Cpu.c:92: Entry point $   0
2017-11-13 17:55:14 INFO  dx8_Mmu.c:190: Loaded Program ROM Length=1205
2017-11-13 17:55:14 INFO  dx8_Cpu.c:79: Cpu Reset. Soft = 1
2017-11-13 17:55:14 INFO  dx8_Cpu.c:74: Cpu[CPU] Pc=$   0 Int=$ 0 A=$ 0 X=$ 0 Y=$ 0 Z=$ 0 W=$ 0 Op=$ 0 Lo=$ 0 Hi=$ 0
2017-11-13 17:55:14 INFO  dx8_Cpu.c:74: Cpu[INT] Pc=$   0 Int=$ 0 A=$ 0 X=$ 0 Y=$ 0 Z=$ 0 W=$ 0 Op=$ 0 Lo=$ 0 Hi=$ 0
2017-11-13 17:55:14 INFO  dx8_Cpu.c:92: Entry point $  10
2017-11-13 17:55:14 INFO  dx8_Mmu.c:577: Returned Coop
2017-11-13 17:55:14 INFO  dx8_Gpu.c:616: Returned Gpu Coop
2017-11-13 17:55:14 INFO  dx8_Gpu.c:503: ogGpuCpy.dst = 5800
2017-11-13 17:55:14 INFO  dx8_Gpu.c:504: ogGpuCpy.src =  1B5
2017-11-13 17:55:14 INFO  dx8_Gpu.c:505: ogGpuCpy.len =  300
2017-11-13 17:55:14 INFO  dx8_Gpu.c:607: opGpuCpy Done.
2017-11-13 17:55:14 INFO  dx8_Gpu.c:608: Returned Gpu Coop
2017-11-13 17:55:14 INFO  dx8_Mmu.c:380: ogMemSet.dst = 8000
2017-11-13 17:55:14 INFO  dx8_Mmu.c:381: ogMemSet.len = 2800
2017-11-13 17:55:14 INFO  dx8_Mmu.c:382: ogMemSet.val = 20
2017-11-13 17:55:14 INFO  dx8_Mmu.c:494: Returned Coop
2017-11-13 17:55:14 INFO  dx8_Mmu.c:380: ogMemSet.dst = A800
2017-11-13 17:55:14 INFO  dx8_Mmu.c:381: ogMemSet.len = 2800
2017-11-13 17:55:14 INFO  dx8_Mmu.c:382: ogMemSet.val = 20
2017-11-13 17:55:14 INFO  dx8_Mmu.c:494: Returned Coop
2017-11-13 17:55:14 INFO  dx8_Mmu.c:380: ogMemSet.dst = D000
2017-11-13 17:55:14 INFO  dx8_Mmu.c:381: ogMemSet.len = 2800
2017-11-13 17:55:14 INFO  dx8_Mmu.c:382: ogMemSet.val = 20
2017-11-13 17:55:14 INFO  dx8_Mmu.c:494: Returned Coop
2017-11-13 17:55:14 INFO  dx8_Mmu.c:380: ogMemSet.dst = F800
2017-11-13 17:55:14 INFO  dx8_Mmu.c:381: ogMemSet.len = 2800
2017-11-13 17:55:14 INFO  dx8_Mmu.c:382: ogMemSet.val = 20
2017-11-13 17:55:14 INFO  dx8_Mmu.c:494: Returned Coop
2017-11-13 17:55:14 INFO  dx8_Cpu.c:310: $826E >>> $54 T
2017-11-13 17:55:14 INFO  dx8_Cpu.c:74: Cpu[CPU] Pc=$  86 Int=$ 0 A=$54 X=$ 0 Y=$ 0 Z=$ 0 W=$ 0 Op=$1B Lo=$6E Hi=$82
2017-11-13 17:55:16 INFO  dx8_Floppy.c:119: Floppy Data 000000003D498D40 163840
2017-11-13 17:55:16 INFO  dx8_Cpu.c:461: Resume from interrupt 3 to $00BE
2017-11-13 17:55:16 INFO  dx8_Cpu.c:74: Cpu[CPU] Pc=$  BE Int=$ 0 A=$52 X=$20 Y=$ 0 Z=$ 0 W=$ 0 Op=$AB Lo=$49 Hi=$4E
2017-11-13 17:55:16 INFO  dx8_Cpu.c:201: Stack = 3
2017-11-13 17:55:16 INFO  dx8_Cpu.c:204: [0:$ 0] $B2
2017-11-13 17:55:16 INFO  dx8_Cpu.c:204: [1:$ 1] $ 1
2017-11-13 17:55:16 INFO  dx8_Cpu.c:204: [2:$ 2] $52
2017-11-13 17:55:16 INFO  dx8_Cpu.c:204: [3:$ 3] $20
2017-11-13 17:55:16 INFO  dx8_Cpu.c:204: [4:$ 4] $ 0
2017-11-13 17:55:16 INFO  dx8_Cpu.c:204: [5:$ 5] $ 0
2017-11-13 17:55:16 INFO  dx8_Cpu.c:204: [6:$ 6] $ 0
2017-11-13 17:55:16 INFO  dx8_Cpu.c:204: [7:$ 7] $52
2017-11-13 17:55:16 INFO  dx8_Cpu.c:204: [8:$ 8] $ 1
2017-11-13 17:55:16 INFO  dx8_Cpu.c:204: [9:$ 9] $BE
2017-11-13 17:55:16 INFO  dx8_Cpu.c:204: [10:$ A] $ 0
2017-11-13 17:55:16 INFO  dx8_Cpu.c:204: [11:$ B] $ 0
2017-11-13 17:55:16 INFO  dx8_Cpu.c:204: [12:$ C] $ 0
2017-11-13 17:55:16 INFO  dx8_Cpu.c:204: [13:$ D] $ 0
2017-11-13 17:55:16 INFO  dx8_Cpu.c:204: [14:$ E] $ 0
2017-11-13 17:55:16 INFO  dx8_Cpu.c:204: [15:$ F] $ 0
